[debug] [2020-10-29T00:30:20.258Z] ----------------------------------------------------------------------
[debug] [2020-10-29T00:30:20.260Z] Command:       C:\Program Files\nodejs\node.exe C:\Users\Adarsh\AppData\Roaming\npm\node_modules\firebase-tools\lib\bin\firebase.js deploy
[debug] [2020-10-29T00:30:20.260Z] CLI Version:   8.14.1
[debug] [2020-10-29T00:30:20.260Z] Platform:      win32
[debug] [2020-10-29T00:30:20.260Z] Node Version:  v14.9.0
[debug] [2020-10-29T00:30:20.264Z] Time:          Thu Oct 29 2020 06:00:20 GMT+0530 (India Standard Time)
[debug] [2020-10-29T00:30:20.264Z] ----------------------------------------------------------------------
[debug] [2020-10-29T00:30:20.264Z] 
[debug] [2020-10-29T00:30:20.270Z] > command requires scopes: ["email","openid","https://www.googleapis.com/auth/cloudplatformprojects.readonly","https://www.googleapis.com/auth/firebase","https://www.googleapis.com/auth/cloud-platform"]
[debug] [2020-10-29T00:30:20.271Z] > authorizing via signed-in user
[debug] [2020-10-29T00:30:20.271Z] [iam] checking project react-firebase-todo-app-5fa35 for permissions ["firebase.projects.get","firebasehosting.sites.update"]
[debug] [2020-10-29T00:30:20.273Z] > refreshing access token with scopes: ["email","https://www.googleapis.com/auth/cloud-platform","https://www.googleapis.com/auth/cloudplatformprojects.readonly","https://www.googleapis.com/auth/firebase","openid"]
[debug] [2020-10-29T00:30:20.274Z] >>> HTTP REQUEST POST https://www.googleapis.com/oauth2/v3/token  
 <request body omitted>
[debug] [2020-10-29T00:30:20.775Z] <<< HTTP RESPONSE 200 {"expires":"Mon, 01 Jan 1990 00:00:00 GMT","cache-control":"no-cache, no-store, max-age=0, must-revalidate","date":"Thu, 29 Oct 2020 00:30:22 GMT","pragma":"no-cache","content-type":"application/json; charset=utf-8","vary":"X-Origin, Referer, Origin,Accept-Encoding","server":"scaffolding on HTTPServer2","x-xss-protection":"0","x-frame-options":"SAMEORIGIN","x-content-type-options":"nosniff","alt-svc":"h3-Q050=\":443\"; ma=2592000,h3-29=\":443\"; ma=2592000,h3-T051=\":443\"; ma=2592000,h3-T050=\":443\"; ma=2592000,h3-Q046=\":443\"; ma=2592000,h3-Q043=\":443\"; ma=2592000,quic=\":443\"; ma=2592000; v=\"46,43\"","accept-ranges":"none","transfer-encoding":"chunked"}
[debug] [2020-10-29T00:30:20.786Z] >>> HTTP REQUEST POST https://cloudresourcemanager.googleapis.com/v1/projects/react-firebase-todo-app-5fa35:testIamPermissions  
 {"permissions":["firebase.projects.get","firebasehosting.sites.update"]}
[debug] [2020-10-29T00:30:22.708Z] <<< HTTP RESPONSE 200 {"content-type":"application/json; charset=UTF-8","vary":"X-Origin, Referer, Origin,Accept-Encoding","date":"Thu, 29 Oct 2020 00:30:24 GMT","server":"ESF","cache-control":"private","x-xss-protection":"0","x-frame-options":"SAMEORIGIN","x-content-type-options":"nosniff","server-timing":"gfet4t7; dur=1159","alt-svc":"h3-Q050=\":443\"; ma=2592000,h3-29=\":443\"; ma=2592000,h3-T051=\":443\"; ma=2592000,h3-T050=\":443\"; ma=2592000,h3-Q046=\":443\"; ma=2592000,h3-Q043=\":443\"; ma=2592000,quic=\":443\"; ma=2592000; v=\"46,43\"","accept-ranges":"none","transfer-encoding":"chunked"}
[debug] [2020-10-29T00:30:22.712Z] >>> HTTP REQUEST GET https://firebase.googleapis.com/v1beta1/projects/react-firebase-todo-app-5fa35  
 
[debug] [2020-10-29T00:30:23.480Z] <<< HTTP RESPONSE 200 {"content-type":"application/json; charset=UTF-8","vary":"X-Origin, Referer, Origin,Accept-Encoding","date":"Thu, 29 Oct 2020 00:30:25 GMT","server":"ESF","cache-control":"private","x-xss-protection":"0","x-frame-options":"SAMEORIGIN","x-content-type-options":"nosniff","alt-svc":"h3-Q050=\":443\"; ma=2592000,h3-29=\":443\"; ma=2592000,h3-T051=\":443\"; ma=2592000,h3-T050=\":443\"; ma=2592000,h3-Q046=\":443\"; ma=2592000,h3-Q043=\":443\"; ma=2592000,quic=\":443\"; ma=2592000; v=\"46,43\"","accept-ranges":"none","transfer-encoding":"chunked"}
[info] 
[info] === Deploying to 'react-firebase-todo-app-5fa35'...
[info] 
[info] i  deploying hosting 
[debug] [2020-10-29T00:30:23.493Z] >>> HTTP REQUEST POST https://firebasehosting.googleapis.com/v1beta1/sites/react-firebase-todo-app-ad/versions  
 {"config":{"rewrites":[{"glob":"**","path":"/index.html"}]},"labels":{"deployment-tool":"cli-firebase"}}
[debug] [2020-10-29T00:30:44.798Z] Error: connect ETIMEDOUT 216.58.200.138:443
    at TCPConnectWrap.afterConnect [as oncomplete] (net.js:1146:16)
[error] 
[error] Error: Server Error. connect ETIMEDOUT 216.58.200.138:443
